/Users/kkw2030100/Library/Python/3.9/lib/python/site-packages/google/api_core/_python_version_support.py:234: FutureWarning: You are using a non-supported Python version (3.9.6). Google will not post any further updates to google.api_core supporting this Python version. Please upgrade to the latest Python version, or at least Python 3.10, and then update google.api_core.
  warnings.warn(message, FutureWarning)
/Users/kkw2030100/Library/Python/3.9/lib/python/site-packages/google/auth/__init__.py:54: FutureWarning: You are using a Python version 3.9 past its end of life. Google will update google-auth with critical bug fixes on a best-effort basis, but not with any other fixes or features. Please upgrade your Python version, and then update google-auth.
  warnings.warn(eol_message.format("3.9"), FutureWarning)
/Users/kkw2030100/Library/Python/3.9/lib/python/site-packages/google/oauth2/__init__.py:40: FutureWarning: You are using a Python version 3.9 past its end of life. Google will update google-auth with critical bug fixes on a best-effort basis, but not with any other fixes or features. Please upgrade your Python version, and then update google-auth.
  warnings.warn(eol_message.format("3.9"), FutureWarning)
✓ 전세매물왕 -> UCJy6dpsf-5freA9Vm8Y-ckw (전원시대부동산 양평전원주택 매매 매물 )
✓ 부동산 탐정 -> UCrEbgGa9dZRRkt4wYu1aycA (거제도부동산탐정)
✓ 알짜부동산 -> UCMRGpHQ0u6Z6tLMHog4oSGw (알짜부동산TV (알짜부동산TV))
✓ 돈 되는 부동산 -> UCGYkgtujhVexqOp206OFj7A (돈되는부동산TV)
✓ 부동산 지식인 -> UCFZvSIQk2X3VrZJhc1QPJ_A (쉬운부동산)
✓ 부동산 분석왕 -> UCzVxelIsmKDrNQTUHpzokQg (부동산분석왕 TV)
✓ 리얼터 김사부 -> UCvRY6IMfdKwZIUOsFaBv7Kg (압구정소나무TV)
✓ 부동산 하우스 -> UCoROtLOzsB4pAMarab00ANQ (라이트하우스)
✓ 집터뷰 -> UC6RUdJ9pYwEcaDfVfobvi3g (집터뷰)
✓ 경제 읽어주는 언니 -> UC2uMv7BCp4AZduNiIrk2OsQ (경제 읽어주는 여자)
✓ 월급쟁이 부동산 투자 -> UCWWNqcjymcR5UUI-088u0-w (WB)
✓ 부룡이네 부동산 -> UC_oIz7_AHOXaRSaWQcpqNAA (재테크 신선배, 부룡TV)
✓ 집코노미 -> UChfcaYYrp1pfTSszTxSb26A (zipconomy)
✓ 부동산 읽어주는 남자 -> UC2QeHNJFfuQWB4cy3M-745g (부읽남TV_내집마련부터건물주까지)
✓ 셜록현준 -> UC7uDyFIqExDnfXAIZqumFrQ (셜록현준)
✓ 빠숑 -> UCKosTo5bqKm4v264z2zDnFQ (스마트튜브(스튜TV))
✓ 리치고TV -> UC3nsb3SxlRrJQ9egkKNnlfg (리치고TV. 부자되는 부동산 네비)
